Error in /place/ruscorpora/corpora_new2/spoken/manual/texts3/private/00telefon003.xhtml line 30 :  speech tag hasn't actor and role attributes
Error in /place/ruscorpora/corpora_new2/spoken/manual/texts3/private/00razgovor-na-poroge000.xhtml line 31 :  speech tag hasn't actor and role attributes
Error in /place/ruscorpora/corpora_new2/spoken/manual/texts3/private/00razgovor-doma000.xhtml line 30 :  speech tag hasn't actor and role attributes
Error in /place/ruscorpora/corpora_new2/spoken/manual/texts3/private/00razgovor-doma000.xhtml line 96 :  speech tag hasn't actor and role attributes
Error in /place/ruscorpora/corpora_new2/spoken/manual/texts3/private/00razgovor-doma000.xhtml line 204 :  speech tag hasn't actor and role attributes
Error in /place/ruscorpora/corpora_new2/spoken/manual/texts3/private/00razgovor-doma000.xhtml line 261 :  speech tag hasn't actor and role attributes
Error in /place/ruscorpora/corpora_new2/spoken/manual/texts3/private/00razgovor-doma000.xhtml line 334 :  speech tag hasn't actor and role attributes
Error in /place/ruscorpora/corpora_new2/spoken/manual/texts3/private/00razgovor-doma000.xhtml line 389 :  speech tag hasn't actor and role attributes
Error in /place/ruscorpora/corpora_new2/spoken/manual/texts3/private/00razgovor-doma000.xhtml line 477 :  speech tag hasn't actor and role attributes
Error in /place/ruscorpora/corpora_new2/spoken/manual/texts3/private/00razgovor-doma000.xhtml line 496 :  speech tag hasn't actor and role attributes
Error in /place/ruscorpora/corpora_new2/spoken/manual/texts3/private/00razgovor-doma000.xhtml line 509 :  speech tag hasn't actor and role attributes
Error in /place/ruscorpora/corpora_new2/spoken/manual/texts3/private/00razgovor-doma000.xhtml line 548 :  speech tag hasn't actor and role attributes
Error in /place/ruscorpora/corpora_new2/spoken/manual/texts3/private/00razgovor-doma000.xhtml line 581 :  speech tag hasn't actor and role attributes
Error in /place/ruscorpora/corpora_new2/spoken/manual/texts3/private/00razgovor-doma000.xhtml line 600 :  speech tag hasn't actor and role attributes
Error in /place/ruscorpora/corpora_new2/spoken/manual/texts3/private/00razgovor-doma000.xhtml line 670 :  speech tag hasn't actor and role attributes
Error in /place/ruscorpora/corpora_new2/spoken/manual/texts3/private/00razgovor-doma000.xhtml line 703 :  speech tag hasn't actor and role attributes
Error in /place/ruscorpora/corpora_new2/spoken/manual/texts3/private/00razgovor-v-magaz001.xhtml line 26 :  speech tag hasn't actor and role attributes
Error in /place/ruscorpora/corpora_new2/spoken/manual/texts3/private/00razgovor-v-magaz005.xhtml line 28 :  speech tag hasn't actor and role attributes
Error in /place/ruscorpora/corpora_new2/spoken/manual/texts3/public/voronezh_03_05_06.xhtml line 5954 :  speech tag hasn't actor and role attributes
errors found in  6  documents.
errors found in  6  documents.
errors found in  6  documents.
Error in /place/ruscorpora/corpora_new2/spoken/manual/texts6/private/razgovor-prazdnyj008.xhtml line 3232 :  accent correction more then 1085
Error in /place/ruscorpora/corpora_new2/spoken/manual/texts6/private/prazd-razgovor-lobz3.xhtml line 2788 :  accent correction more then 986
Error in /place/ruscorpora/corpora_new2/spoken/manual/texts6/private/prazd-razgovor-vorotn1.xhtml line 472 :  accent correction more then 183
Error in /place/ruscorpora/corpora_new2/spoken/manual/texts6/private/chelyab1-vorotn.xhtml line 1771 :  accent correction more then 581
Error in /place/ruscorpora/corpora_new2/spoken/manual/texts6/private/razgovor-prazdnyj007.xhtml line 4569 :  accent correction more then 1749
Error in /place/ruscorpora/corpora_new2/spoken/manual/texts6/private/razgovor-na-poroge001.xhtml line 389 :  accent correction more then 149
Error in /place/ruscorpora/corpora_new2/spoken/manual/texts6/private/prazd-razgovor1-danil.xhtml line 230 :  accent correction more then 54
Error in /place/ruscorpora/corpora_new2/spoken/manual/texts6/private/00telefon003.xhtml line 263 :  accent correction more then 81
Error in /place/ruscorpora/corpora_new2/spoken/manual/texts6/private/razgovor-doma005.xhtml line 4572 :  accent correction more then 1341
Error in /place/ruscorpora/corpora_new2/spoken/manual/texts6/private/razgovor-doma012.xhtml line 1283 :  accent correction more then 401
Error in /place/ruscorpora/corpora_new2/spoken/manual/texts6/private/razgovor-na-ulice000.xhtml line 629 :  accent correction more then 221
Error in /place/ruscorpora/corpora_new2/spoken/manual/texts6/private/00razgovor-na-poroge000.xhtml line 297 :  accent correction more then 62
Error in /place/ruscorpora/corpora_new2/spoken/manual/texts6/private/00razgovor-doma000.xhtml line 733 :  accent correction more then 271
Error in /place/ruscorpora/corpora_new2/spoken/manual/texts6/private/00razgovor-doma011.xhtml line 1214 :  accent correction more then 455
Error in /place/ruscorpora/corpora_new2/spoken/manual/texts6/private/00razgovor-v-magaz001.xhtml line 62 :  accent correction more then 15
Error in /place/ruscorpora/corpora_new2/spoken/manual/texts6/private/00razgovor-v-magaz005.xhtml line 1514 :  accent correction more then 697
Error in /place/ruscorpora/corpora_new2/spoken/manual/texts6/public/apologia-fantastiki.xhtml line 3846 :  accent correction more then 1923
Error in /place/ruscorpora/corpora_new2/spoken/manual/texts6/public/zhirinovsky.xhtml line 676 :  accent correction more then 307
Error in /place/ruscorpora/corpora_new2/spoken/manual/texts6/public/moskva_03_05_27.xhtml line 13622 :  accent correction more then 5181
Error in /place/ruscorpora/corpora_new2/spoken/manual/texts6/public/elektron-rossia.xhtml line 7232 :  accent correction more then 4081
Error in /place/ruscorpora/corpora_new2/spoken/manual/texts6/public/internet-put.xhtml line 7162 :  accent correction more then 3999
Error in /place/ruscorpora/corpora_new2/spoken/manual/texts6/public/gruppa-mulfilmy.xhtml line 3449 :  accent correction more then 1702
Error in /place/ruscorpora/corpora_new2/spoken/manual/texts6/public/samara_01_08_31.xhtml line 7188 :  accent correction more then 3542
Error in /place/ruscorpora/corpora_new2/spoken/manual/texts6/public/organy-mestn-samoupr.xhtml line 12241 :  accent correction more then 7257
Error in /place/ruscorpora/corpora_new2/spoken/manual/texts6/public/interview18.xhtml line 10011 :  accent correction more then 4521
Error in /place/ruscorpora/corpora_new2/spoken/manual/texts6/public/geroj-dnya-borisov.xhtml line 2146 :  accent correction more then 1159
Error in /place/ruscorpora/corpora_new2/spoken/manual/texts6/public/premia-po-bezopasnosti.xhtml line 6148 :  accent correction more then 3480
Error in /place/ruscorpora/corpora_new2/spoken/manual/texts6/public/voronezh_01_12_18.xhtml line 11416 :  accent correction more then 4889
Error in /place/ruscorpora/corpora_new2/spoken/manual/texts6/public/man_and_woman.xhtml line 5491 :  accent correction more then 2659
Error in /place/ruscorpora/corpora_new2/spoken/manual/texts6/public/vysocky-kukly.xhtml line 1020 :  accent correction more then 426
Error in /place/ruscorpora/corpora_new2/spoken/manual/texts6/public/interview26.xhtml line 4433 :  accent correction more then 1963
Error in /place/ruscorpora/corpora_new2/spoken/manual/texts6/public/nsk_00_08_15.xhtml line 10042 :  accent correction more then 4799
Error in /place/ruscorpora/corpora_new2/spoken/manual/texts6/public/nsk_04_04_06.xhtml line 9787 :  accent correction more then 4337
Error in /place/ruscorpora/corpora_new2/spoken/manual/texts6/public/interview5.xhtml line 649 :  accent correction more then 249
Error in /place/ruscorpora/corpora_new2/spoken/manual/texts6/public/lekcija1_danil.xhtml line 93 :  accent correction more then 38
Error in /place/ruscorpora/corpora_new2/spoken/manual/texts6/public/lokomotiv.xhtml line 7749 :  accent correction more then 3837
Error in /place/ruscorpora/corpora_new2/spoken/manual/texts6/public/jumor-internet.xhtml line 2988 :  accent correction more then 1505
Error in /place/ruscorpora/corpora_new2/spoken/manual/texts6/public/socio-perepis-vladivostok-7.xhtml line 3160 :  accent correction more then 1515
Error in /place/ruscorpora/corpora_new2/spoken/manual/texts6/public/shkola-zloslovia-arbenina.xhtml line 7585 :  accent correction more then 3530
Error in /place/ruscorpora/corpora_new2/spoken/manual/texts6/public/nsk_03_07_22.xhtml line 11190 :  accent correction more then 4909
Error in /place/ruscorpora/corpora_new2/spoken/manual/texts6/public/kolmogorov.xhtml line 9552 :  accent correction more then 5062
Error in /place/ruscorpora/corpora_new2/spoken/manual/texts6/public/shnur-zemfira.xhtml line 3230 :  accent correction more then 1472
Error in /place/ruscorpora/corpora_new2/spoken/manual/texts6/public/polnolunie-boldyreva.xhtml line 1890 :  accent correction more then 1015
Error in /place/ruscorpora/corpora_new2/spoken/manual/texts6/public/dom-2.xhtml line 1320 :  accent correction more then 486
Error in /place/ruscorpora/corpora_new2/spoken/manual/texts6/public/grebenschikov.xhtml line 7445 :  accent correction more then 3386
Error in /place/ruscorpora/corpora_new2/spoken/manual/texts6/public/spb_04_01_27.xhtml line 3749 :  accent correction more then 1561
Error in /place/ruscorpora/corpora_new2/spoken/manual/texts6/public/zadornov.xhtml line 6463 :  accent correction more then 2767
Error in /place/ruscorpora/corpora_new2/spoken/manual/texts6/public/alpinisty.xhtml line 4264 :  accent correction more then 2238
Error in /place/ruscorpora/corpora_new2/spoken/manual/texts6/public/novye-pravye.xhtml line 12515 :  accent correction more then 6914
Error in /place/ruscorpora/corpora_new2/spoken/manual/texts6/public/norilsk04.xhtml line 995 :  accent correction more then 455
Error in /place/ruscorpora/corpora_new2/spoken/manual/texts6/public/voronezh_03_05_06.xhtml line 16202 :  accent correction more then 7094
Error in /place/ruscorpora/corpora_new2/spoken/manual/texts6/public/ivaschenko-cheboksarova.xhtml line 4224 :  accent correction more then 2165
Error in /place/ruscorpora/corpora_new2/spoken/manual/texts6/public/spb_01_10_23.xhtml line 6609 :  accent correction more then 3356
errors found in  59  documents.
Error in /place/ruscorpora/corpora_new2/spoken/manual/texts7/private/razgovor-na-ulice000.xhtml line 30 :  wrong tag se 
Error in /place/ruscorpora/corpora_new2/spoken/manual/texts7/private/00razgovor-doma011.xhtml line 29 :  wrong tag se 
Error in /place/ruscorpora/corpora_new2/spoken/manual/texts7/public/moskva_03_05_27.xhtml line 20 :  wrong tag p class = "note"
Error in /place/ruscorpora/corpora_new2/spoken/manual/texts7/public/internet-put.xhtml line 28 :  wrong tag se 
Error in /place/ruscorpora/corpora_new2/spoken/manual/texts7/public/samara_01_08_31.xhtml line 20 :  wrong tag p class = "note"
Error in /place/ruscorpora/corpora_new2/spoken/manual/texts7/public/interview18.xhtml line 29 :  wrong tag se 
Error in /place/ruscorpora/corpora_new2/spoken/manual/texts7/public/voronezh_01_12_18.xhtml line 20 :  wrong tag p class = "note"
Error in /place/ruscorpora/corpora_new2/spoken/manual/texts7/public/man_and_woman.xhtml line 26 :  wrong tag se 
Error in /place/ruscorpora/corpora_new2/spoken/manual/texts7/public/interview26.xhtml line 29 :  wrong tag se 
Error in /place/ruscorpora/corpora_new2/spoken/manual/texts7/public/nsk_00_08_15.xhtml line 20 :  wrong tag p class = "note"
Error in /place/ruscorpora/corpora_new2/spoken/manual/texts7/public/nsk_04_04_06.xhtml line 20 :  wrong tag p class = "note"
Error in /place/ruscorpora/corpora_new2/spoken/manual/texts7/public/lokomotiv.xhtml line 27 :  wrong tag se 
Error in /place/ruscorpora/corpora_new2/spoken/manual/texts7/public/socio-perepis-vladivostok-7.xhtml line 27 :  wrong tag se 
Error in /place/ruscorpora/corpora_new2/spoken/manual/texts7/public/shkola-zloslovia-arbenina.xhtml line 28 :  wrong tag se 
Error in /place/ruscorpora/corpora_new2/spoken/manual/texts7/public/nsk_03_07_22.xhtml line 20 :  wrong tag p class = "note"
Error in /place/ruscorpora/corpora_new2/spoken/manual/texts7/public/shnur-zemfira.xhtml line 25 :  wrong tag se in tag <p>
Error in /place/ruscorpora/corpora_new2/spoken/manual/texts7/public/polnolunie-boldyreva.xhtml line 28 :  wrong tag se 
Error in /place/ruscorpora/corpora_new2/spoken/manual/texts7/public/grebenschikov.xhtml line 30 :  wrong tag se 
Error in /place/ruscorpora/corpora_new2/spoken/manual/texts7/public/spb_04_01_27.xhtml line 20 :  wrong tag p class = "note"
Error in /place/ruscorpora/corpora_new2/spoken/manual/texts7/public/novye-pravye.xhtml line 27 :  wrong tag se 
Error in /place/ruscorpora/corpora_new2/spoken/manual/texts7/public/norilsk04.xhtml line 30 :  wrong tag se 
Error in /place/ruscorpora/corpora_new2/spoken/manual/texts7/public/voronezh_03_05_06.xhtml line 20 :  wrong tag se 
errors found in  81  documents.
